# JRE version: Java(TM) SE Runtime Environment (8.0_171-b11) (build 1.8.0_171-b11)
# Java VM: Java HotSpot(TM) 64-Bit Server VM (25.171-b11 mixed mode windows-amd64 compressed oops)
Heap:
 PSYoungGen      total 75776K, used 34825K [0x000000076b780000, 0x0000000774b80000, 0x00000007c0000000)
  eden space 65024K, 37% used [0x000000076b780000,0x000000076cf0a508,0x000000076f700000)
  from space 10752K, 99% used [0x0000000770180000,0x0000000770bf8020,0x0000000770c00000)
  to   space 10752K, 0% used [0x000000076f700000,0x000000076f700000,0x0000000770180000)
 ParOldGen       total 173568K, used 3206K [0x00000006c2600000, 0x00000006ccf80000, 0x000000076b780000)
  object space 173568K, 1% used [0x00000006c2600000,0x00000006c2921918,0x00000006ccf80000)
 Metaspace       used 18083K, capacity 18544K, committed 18688K, reserved 1064960K
  class space    used 2168K, capacity 2294K, committed 2304K, reserved 1048576K
GC Heap History (8 events):
Event: 5.320 GC heap before
{Heap before GC invocations=1 (full 0):
 PSYoungGen      total 75776K, used 65024K [0x000000076b780000, 0x0000000770c00000, 0x00000007c0000000)
  eden space 65024K, 100% used [0x000000076b780000,0x000000076f700000,0x000000076f700000)
  from space 10752K, 0% used [0x0000000770180000,0x0000000770180000,0x0000000770c00000)
  to   space 10752K, 0% used [0x000000076f700000,0x000000076f700000,0x0000000770180000)
 ParOldGen       total 173568K, used 0K [0x00000006c2600000, 0x00000006ccf80000, 0x000000076b780000)
  object space 173568K, 0% used [0x00000006c2600000,0x00000006c2600000,0x00000006ccf80000)
 Metaspace       used 11985K, capacity 12244K, committed 12416K, reserved 1060864K
  class space    used 1477K, capacity 1541K, committed 1664K, reserved 1048576K
Event: 5.335 GC heap after
Heap after GC invocations=1 (full 0):
 PSYoungGen      total 75776K, used 10200K [0x000000076b780000, 0x0000000770c00000, 0x00000007c0000000)
  eden space 65024K, 0% used [0x000000076b780000,0x000000076b780000,0x000000076f700000)
  from space 10752K, 94% used [0x000000076f700000,0x00000007700f62a0,0x0000000770180000)
  to   space 10752K, 0% used [0x0000000770180000,0x0000000770180000,0x0000000770c00000)
 ParOldGen       total 173568K, used 8K [0x00000006c2600000, 0x00000006ccf80000, 0x000000076b780000)
  object space 173568K, 0% used [0x00000006c2600000,0x00000006c2602000,0x00000006ccf80000)
 Metaspace       used 11985K, capacity 12244K, committed 12416K, reserved 1060864K
  class space    used 1477K, capacity 1541K, committed 1664K, reserved 1048576K
}
Event: 6.564 GC heap before
{Heap before GC invocations=2 (full 0):
 PSYoungGen      total 75776K, used 75224K [0x000000076b780000, 0x0000000770c00000, 0x00000007c0000000)
  eden space 65024K, 100% used [0x000000076b780000,0x000000076f700000,0x000000076f700000)
  from space 10752K, 94% used [0x000000076f700000,0x00000007700f62a0,0x0000000770180000)
  to   space 10752K, 0% used [0x0000000770180000,0x0000000770180000,0x0000000770c00000)
 ParOldGen       total 173568K, used 8K [0x00000006c2600000, 0x00000006ccf80000, 0x000000076b780000)
  object space 173568K, 0% used [0x00000006c2600000,0x00000006c2602000,0x00000006ccf80000)
 Metaspace       used 12781K, capacity 13054K, committed 13184K, reserved 1060864K
  class space    used 1539K, capacity 1617K, committed 1664K, reserved 1048576K
Event: 6.581 GC heap after
Heap after GC invocations=2 (full 0):
 PSYoungGen      total 75776K, used 8499K [0x000000076b780000, 0x0000000770c00000, 0x00000007c0000000)
  eden space 65024K, 0% used [0x000000076b780000,0x000000076b780000,0x000000076f700000)
  from space 10752K, 79% used [0x0000000770180000,0x00000007709ccc18,0x0000000770c00000)
  to   space 10752K, 0% used [0x000000076f700000,0x000000076f700000,0x0000000770180000)
 ParOldGen       total 173568K, used 16K [0x00000006c2600000, 0x00000006ccf80000, 0x000000076b780000)
  object space 173568K, 0% used [0x00000006c2600000,0x00000006c2604000,0x00000006ccf80000)
 Metaspace       used 12781K, capacity 13054K, committed 13184K, reserved 1060864K
  class space    used 1539K, capacity 1617K, committed 1664K, reserved 1048576K
}
Event: 7.911 GC heap before
{Heap before GC invocations=3 (full 0):
 PSYoungGen      total 75776K, used 73523K [0x000000076b780000, 0x0000000770c00000, 0x00000007c0000000)
  eden space 65024K, 100% used [0x000000076b780000,0x000000076f700000,0x000000076f700000)
  from space 10752K, 79% used [0x0000000770180000,0x00000007709ccc18,0x0000000770c00000)
  to   space 10752K, 0% used [0x000000076f700000,0x000000076f700000,0x0000000770180000)
 ParOldGen       total 173568K, used 16K [0x00000006c2600000, 0x00000006ccf80000, 0x000000076b780000)
  object space 173568K, 0% used [0x00000006c2600000,0x00000006c2604000,0x00000006ccf80000)
 Metaspace       used 13366K, capacity 13654K, committed 13952K, reserved 1060864K
  class space    used 1558K, capacity 1621K, committed 1664K, reserved 1048576K
Event: 7.924 GC heap after
Heap after GC invocations=3 (full 0):
 PSYoungGen      total 75776K, used 10672K [0x000000076b780000, 0x0000000770c00000, 0x00000007c0000000)
  eden space 65024K, 0% used [0x000000076b780000,0x000000076b780000,0x000000076f700000)
  from space 10752K, 99% used [0x000000076f700000,0x000000077016c010,0x0000000770180000)
  to   space 10752K, 0% used [0x0000000770180000,0x0000000770180000,0x0000000770c00000)
 ParOldGen       total 173568K, used 40K [0x00000006c2600000, 0x00000006ccf80000, 0x000000076b780000)
  object space 173568K, 0% used [0x00000006c2600000,0x00000006c260a000,0x00000006ccf80000)
 Metaspace       used 13366K, capacity 13654K, committed 13952K, reserved 1060864K
  class space    used 1558K, capacity 1621K, committed 1664K, reserved 1048576K
}
Event: 8.939 GC heap before
{Heap before GC invocations=4 (full 0):
 PSYoungGen      total 75776K, used 75696K [0x000000076b780000, 0x0000000770c00000, 0x00000007c0000000)
  eden space 65024K, 100% used [0x000000076b780000,0x000000076f700000,0x000000076f700000)
  from space 10752K, 99% used [0x000000076f700000,0x000000077016c010,0x0000000770180000)
  to   space 10752K, 0% used [0x0000000770180000,0x0000000770180000,0x0000000770c00000)
 ParOldGen       total 173568K, used 40K [0x00000006c2600000, 0x00000006ccf80000, 0x000000076b780000)
  object space 173568K, 0% used [0x00000006c2600000,0x00000006c260a000,0x00000006ccf80000)
 Metaspace       used 14653K, capacity 14972K, committed 15232K, reserved 1062912K
  class space    used 1699K, capacity 1806K, committed 1920K, reserved 1048576K
Event: 8.960 GC heap after
Heap after GC invocations=4 (full 0):
 PSYoungGen      total 75776K, used 10720K [0x000000076b780000, 0x0000000774b80000, 0x00000007c0000000)
  eden space 65024K, 0% used [0x000000076b780000,0x000000076b780000,0x000000076f700000)
  from space 10752K, 99% used [0x0000000770180000,0x0000000770bf8020,0x0000000770c00000)
  to   space 10752K, 0% used [0x000000076f700000,0x000000076f700000,0x0000000770180000)
 ParOldGen       total 173568K, used 3206K [0x00000006c2600000, 0x00000006ccf80000, 0x000000076b780000)
  object space 173568K, 1% used [0x00000006c2600000,0x00000006c2921918,0x00000006ccf80000)
 Metaspace       used 14653K, capacity 14972K, committed 15232K, reserved 1062912K
  class space    used 1699K, capacity 1806K, committed 1920K, reserved 1048576K
}

