# JRE version: Java(TM) SE Runtime Environment (8.0_171-b11) (build 1.8.0_171-b11)
# Java VM: Java HotSpot(TM) 64-Bit Server VM (25.171-b11 mixed mode windows-amd64 compressed oops)
Heap:
 PSYoungGen      total 140800K, used 60747K [0x000000076b780000, 0x0000000774b80000, 0x00000007c0000000)
  eden space 130048K, 38% used [0x000000076b780000,0x000000076e856f18,0x0000000773680000)
  from space 10752K, 99% used [0x0000000774100000,0x0000000774b7c030,0x0000000774b80000)
  to   space 10752K, 0% used [0x0000000773680000,0x0000000773680000,0x0000000774100000)
 ParOldGen       total 173568K, used 3192K [0x00000006c2600000, 0x00000006ccf80000, 0x000000076b780000)
  object space 173568K, 1% used [0x00000006c2600000,0x00000006c291e148,0x00000006ccf80000)
 Metaspace       used 18092K, capacity 18528K, committed 18688K, reserved 1064960K
  class space    used 2168K, capacity 2294K, committed 2304K, reserved 1048576K
GC Heap History (8 events):
Event: 2.493 GC heap before
{Heap before GC invocations=1 (full 0):
 PSYoungGen      total 75776K, used 65024K [0x000000076b780000, 0x0000000770c00000, 0x00000007c0000000)
  eden space 65024K, 100% used [0x000000076b780000,0x000000076f700000,0x000000076f700000)
  from space 10752K, 0% used [0x0000000770180000,0x0000000770180000,0x0000000770c00000)
  to   space 10752K, 0% used [0x000000076f700000,0x000000076f700000,0x0000000770180000)
 ParOldGen       total 173568K, used 0K [0x00000006c2600000, 0x00000006ccf80000, 0x000000076b780000)
  object space 173568K, 0% used [0x00000006c2600000,0x00000006c2600000,0x00000006ccf80000)
 Metaspace       used 11983K, capacity 12228K, committed 12416K, reserved 1060864K
  class space    used 1476K, capacity 1541K, committed 1664K, reserved 1048576K
Event: 2.505 GC heap after
Heap after GC invocations=1 (full 0):
 PSYoungGen      total 75776K, used 10175K [0x000000076b780000, 0x0000000770c00000, 0x00000007c0000000)
  eden space 65024K, 0% used [0x000000076b780000,0x000000076b780000,0x000000076f700000)
  from space 10752K, 94% used [0x000000076f700000,0x00000007700effc8,0x0000000770180000)
  to   space 10752K, 0% used [0x0000000770180000,0x0000000770180000,0x0000000770c00000)
 ParOldGen       total 173568K, used 8K [0x00000006c2600000, 0x00000006ccf80000, 0x000000076b780000)
  object space 173568K, 0% used [0x00000006c2600000,0x00000006c2602000,0x00000006ccf80000)
 Metaspace       used 11983K, capacity 12228K, committed 12416K, reserved 1060864K
  class space    used 1476K, capacity 1541K, committed 1664K, reserved 1048576K
}
Event: 3.301 GC heap before
{Heap before GC invocations=2 (full 0):
 PSYoungGen      total 75776K, used 75199K [0x000000076b780000, 0x0000000770c00000, 0x00000007c0000000)
  eden space 65024K, 100% used [0x000000076b780000,0x000000076f700000,0x000000076f700000)
  from space 10752K, 94% used [0x000000076f700000,0x00000007700effc8,0x0000000770180000)
  to   space 10752K, 0% used [0x0000000770180000,0x0000000770180000,0x0000000770c00000)
 ParOldGen       total 173568K, used 8K [0x00000006c2600000, 0x00000006ccf80000, 0x000000076b780000)
  object space 173568K, 0% used [0x00000006c2600000,0x00000006c2602000,0x00000006ccf80000)
 Metaspace       used 12726K, capacity 13032K, committed 13184K, reserved 1060864K
  class space    used 1537K, capacity 1616K, committed 1664K, reserved 1048576K
Event: 3.320 GC heap after
Heap after GC invocations=2 (full 0):
 PSYoungGen      total 75776K, used 8099K [0x000000076b780000, 0x0000000774b80000, 0x00000007c0000000)
  eden space 65024K, 0% used [0x000000076b780000,0x000000076b780000,0x000000076f700000)
  from space 10752K, 75% used [0x0000000770180000,0x0000000770968c28,0x0000000770c00000)
  to   space 10752K, 0% used [0x000000076f700000,0x000000076f700000,0x0000000770180000)
 ParOldGen       total 173568K, used 8K [0x00000006c2600000, 0x00000006ccf80000, 0x000000076b780000)
  object space 173568K, 0% used [0x00000006c2600000,0x00000006c2602000,0x00000006ccf80000)
 Metaspace       used 12726K, capacity 13032K, committed 13184K, reserved 1060864K
  class space    used 1537K, capacity 1616K, committed 1664K, reserved 1048576K
}
Event: 4.430 GC heap before
{Heap before GC invocations=3 (full 0):
 PSYoungGen      total 75776K, used 73123K [0x000000076b780000, 0x0000000774b80000, 0x00000007c0000000)
  eden space 65024K, 100% used [0x000000076b780000,0x000000076f700000,0x000000076f700000)
  from space 10752K, 75% used [0x0000000770180000,0x0000000770968c28,0x0000000770c00000)
  to   space 10752K, 0% used [0x000000076f700000,0x000000076f700000,0x0000000770180000)
 ParOldGen       total 173568K, used 8K [0x00000006c2600000, 0x00000006ccf80000, 0x000000076b780000)
  object space 173568K, 0% used [0x00000006c2600000,0x00000006c2602000,0x00000006ccf80000)
 Metaspace       used 13325K, capacity 13574K, committed 13696K, reserved 1060864K
  class space    used 1558K, capacity 1621K, committed 1664K, reserved 1048576K
Event: 4.441 GC heap after
Heap after GC invocations=3 (full 0):
 PSYoungGen      total 75776K, used 10384K [0x000000076b780000, 0x0000000774b80000, 0x00000007c0000000)
  eden space 65024K, 0% used [0x000000076b780000,0x000000076b780000,0x000000076f700000)
  from space 10752K, 96% used [0x000000076f700000,0x0000000770124010,0x0000000770180000)
  to   space 10752K, 0% used [0x0000000774100000,0x0000000774100000,0x0000000774b80000)
 ParOldGen       total 173568K, used 24K [0x00000006c2600000, 0x00000006ccf80000, 0x000000076b780000)
  object space 173568K, 0% used [0x00000006c2600000,0x00000006c2606000,0x00000006ccf80000)
 Metaspace       used 13325K, capacity 13574K, committed 13696K, reserved 1060864K
  class space    used 1558K, capacity 1621K, committed 1664K, reserved 1048576K
}
Event: 5.835 GC heap before
{Heap before GC invocations=4 (full 0):
 PSYoungGen      total 75776K, used 75408K [0x000000076b780000, 0x0000000774b80000, 0x00000007c0000000)
  eden space 65024K, 100% used [0x000000076b780000,0x000000076f700000,0x000000076f700000)
  from space 10752K, 96% used [0x000000076f700000,0x0000000770124010,0x0000000770180000)
  to   space 10752K, 0% used [0x0000000774100000,0x0000000774100000,0x0000000774b80000)
 ParOldGen       total 173568K, used 24K [0x00000006c2600000, 0x00000006ccf80000, 0x000000076b780000)
  object space 173568K, 0% used [0x00000006c2600000,0x00000006c2606000,0x00000006ccf80000)
 Metaspace       used 14660K, capacity 15020K, committed 15232K, reserved 1062912K
  class space    used 1699K, capacity 1806K, committed 1920K, reserved 1048576K
Event: 5.863 GC heap after
Heap after GC invocations=4 (full 0):
 PSYoungGen      total 140800K, used 10736K [0x000000076b780000, 0x0000000774b80000, 0x00000007c0000000)
  eden space 130048K, 0% used [0x000000076b780000,0x000000076b780000,0x0000000773680000)
  from space 10752K, 99% used [0x0000000774100000,0x0000000774b7c030,0x0000000774b80000)
  to   space 10752K, 0% used [0x0000000773680000,0x0000000773680000,0x0000000774100000)
 ParOldGen       total 173568K, used 3192K [0x00000006c2600000, 0x00000006ccf80000, 0x000000076b780000)
  object space 173568K, 1% used [0x00000006c2600000,0x00000006c291e148,0x00000006ccf80000)
 Metaspace       used 14660K, capacity 15020K, committed 15232K, reserved 1062912K
  class space    used 1699K, capacity 1806K, committed 1920K, reserved 1048576K
}

